forecast/build/intermediates/manifest_merge_blame_file/debug/processDebugManifest/manifest-merger-blame-debug-report.txt
1<?xml version="1.0" encoding="utf-8"?>
2<manifest xmlns:android="http://schemas.android.com/apk/res/android"
3    xmlns:tools="http://schemas.android.com/tools"
4    package="com.ryan.weather.forecast" >
5
6    <uses-sdk android:minSdkVersion="24" />
7
8    <uses-permission android:name="android.permission.INTERNET" />
8-->src/main/AndroidManifest.xml:5:5-67
8-->src/main/AndroidManifest.xml:5:22-64
9
10    <application
10-->src/main/AndroidManifest.xml:7:5-10:44
11        android:allowBackup="true"
11-->src/main/AndroidManifest.xml:8:9-35
12        android:supportsRtl="true"
12-->src/main/AndroidManifest.xml:9:9-35
13        tools:targetApi="31" />
13-->src/main/AndroidManifest.xml:10:9-29
14
15</manifest>